[backblue.gif]
[fade.gif]
[index.html]
[stacksthemes.com/alpha/assets/images/profile-image-1.png]
[stacksthemes.com/alpha/assets/images/profile-image-3.jpg]
[stacksthemes.com/alpha/assets/images/profile-image.png]
[stacksthemes.com/alpha/assets/images/profile-image-2.png]
[stacksthemes.com/alpha/assets/plugins/jquery/jquery-2.2.0.min.js]
[stacksthemes.com/alpha/assets/plugins/materialize/js/materialize.min.js]
[stacksthemes.com/alpha/assets/plugins/material-preloader/js/materialPreloader.min.js]
[stacksthemes.com/alpha/assets/plugins/jquery-blockui/jquery.blockui.js]
[stacksthemes.com/alpha/assets/plugins/waypoints/jquery.waypoints.min.js]
[stacksthemes.com/alpha/assets/plugins/counter-up-master/jquery.counterup.min.js]
[stacksthemes.com/alpha/assets/plugins/jquery-sparkline/jquery.sparkline.min.js]
[stacksthemes.com/alpha/assets/plugins/chart.js/chart.min.js]
[stacksthemes.com/alpha/assets/plugins/flot/jquery.flot.min.js]
[stacksthemes.com/alpha/assets/plugins/flot/jquery.flot.time.min.js]
[stacksthemes.com/alpha/assets/plugins/flot/jquery.flot.symbol.min.js]
[stacksthemes.com/alpha/assets/plugins/flot/jquery.flot.resize.min.js]
[stacksthemes.com/alpha/assets/plugins/flot/jquery.flot.tooltip.min.js]
[stacksthemes.com/alpha/assets/plugins/curvedlines/curvedLines.js]
[stacksthemes.com/alpha/assets/plugins/peity/jquery.peity.min.js]
[stacksthemes.com/alpha/assets/js/alpha.min.js]
[stacksthemes.com/alpha/assets/js/pages/dashboard.js]
[stacksthemes.com/alpha/index.html]
[stacksthemes.com/alpha/assets/plugins/materialize/fonts/roboto/Roboto-Thin.eot]
[stacksthemes.com/alpha/assets/plugins/materialize/fonts/roboto/Roboto-Thind41d.eot]
[stacksthemes.com/alpha/assets/plugins/materialize/fonts/roboto/Roboto-Thin.woff2]
[stacksthemes.com/alpha/assets/plugins/materialize/fonts/roboto/Roboto-Thin.woff]
[stacksthemes.com/alpha/assets/plugins/materialize/fonts/roboto/Roboto-Thin.ttf]
[stacksthemes.com/alpha/assets/plugins/materialize/fonts/roboto/Roboto-Light.eot]
[stacksthemes.com/alpha/assets/plugins/materialize/fonts/roboto/Roboto-Light.woff2]
[stacksthemes.com/alpha/assets/plugins/materialize/fonts/roboto/Roboto-Lightd41d.eot]
[stacksthemes.com/alpha/assets/plugins/materialize/fonts/roboto/Roboto-Light.woff]
[stacksthemes.com/alpha/assets/plugins/materialize/fonts/roboto/Roboto-Light.ttf]
[stacksthemes.com/alpha/assets/plugins/materialize/fonts/roboto/Roboto-Regular.eot]
[stacksthemes.com/alpha/assets/plugins/materialize/fonts/roboto/Roboto-Regulard41d.eot]
[stacksthemes.com/alpha/assets/plugins/materialize/fonts/roboto/Roboto-Regular.woff2]
[stacksthemes.com/alpha/assets/plugins/materialize/fonts/roboto/Roboto-Regular.woff]
[stacksthemes.com/alpha/assets/plugins/materialize/fonts/roboto/Roboto-Regular.ttf]
[stacksthemes.com/alpha/assets/plugins/materialize/fonts/roboto/Roboto-Medium.eot]
[stacksthemes.com/alpha/assets/plugins/materialize/fonts/roboto/Roboto-Medium.woff2]
[stacksthemes.com/alpha/assets/plugins/materialize/fonts/roboto/Roboto-Mediumd41d.eot]
[stacksthemes.com/alpha/assets/plugins/materialize/fonts/roboto/Roboto-Medium.woff]
[stacksthemes.com/alpha/assets/plugins/materialize/fonts/roboto/Roboto-Medium.ttf]
[stacksthemes.com/alpha/assets/plugins/materialize/fonts/roboto/Roboto-Bold.eot]
[stacksthemes.com/alpha/assets/plugins/materialize/fonts/roboto/Roboto-Boldd41d.eot]
[stacksthemes.com/alpha/assets/plugins/materialize/fonts/roboto/Roboto-Bold.woff2]
[stacksthemes.com/alpha/assets/plugins/materialize/fonts/roboto/Roboto-Bold.woff]
[stacksthemes.com/alpha/assets/plugins/materialize/fonts/roboto/Roboto-Bold.ttf]
[stacksthemes.com/alpha/assets/plugins/materialize/css/materialize.min.css]
[stacksthemes.com/alpha/assets/plugins/metrojs/images/metroIcons_light.jpg]
[stacksthemes.com/alpha/assets/plugins/metrojs/images/metroIcons.jpg]
[stacksthemes.com/alpha/assets/plugins/metrojs/MetroJs.min.css]
[stacksthemes.com/alpha/assets/plugins/weather-icons-master/font/weathericons-regular-webfont.eot]
[stacksthemes.com/alpha/assets/plugins/weather-icons-master/font/weathericons-regular-webfont.woff2]
[stacksthemes.com/alpha/assets/plugins/weather-icons-master/font/weathericons-regular-webfontd41d.eot]
[stacksthemes.com/alpha/assets/plugins/weather-icons-master/font/weathericons-regular-webfont.woff]
[stacksthemes.com/alpha/assets/plugins/weather-icons-master/font/weathericons-regular-webfont.ttf]
[stacksthemes.com/alpha/assets/plugins/weather-icons-master/css/weather-icons.min.css]
[stacksthemes.com/alpha/assets/images/profile_bg.png]
[stacksthemes.com/alpha/assets/images/mountains5.png]
[stacksthemes.com/alpha/assets/images/mountains4.png]
[stacksthemes.com/alpha/assets/images/mountains2.jpg]
[stacksthemes.com/alpha/assets/images/mountains3.png]
[stacksthemes.com/alpha/assets/css/alpha.min.css]
[stacksthemes.com/alpha/assets/css/custom.css]
[stacksthemes.com/alpha/index-2.html]
[stacksthemes.com/alpha/assets/images/card-image3.jpg]
[stacksthemes.com/alpha/assets/images/card-image2.jpg]
[stacksthemes.com/alpha/assets/plugins/simditor/scripts/module.js]
[stacksthemes.com/alpha/assets/plugins/simditor/scripts/hotkeys.js]
[stacksthemes.com/alpha/assets/plugins/simditor/scripts/uploader.js]
[stacksthemes.com/alpha/assets/plugins/simditor/scripts/simditor.js]
[stacksthemes.com/alpha/assets/js/pages/mailbox.js]
[stacksthemes.com/alpha/mailbox.html]
[stacksthemes.com/alpha/assets/images/search_image.jpg]
[stacksthemes.com/alpha/assets/images/search_images/1.jpg]
[stacksthemes.com/alpha/assets/images/search_images/4.jpg]
[stacksthemes.com/alpha/assets/images/search_images/7.jpg]
[stacksthemes.com/alpha/assets/images/search_images/10.jpg]
[stacksthemes.com/alpha/assets/images/search_images/2.jpg]
[stacksthemes.com/alpha/assets/images/search_images/5.jpg]
[stacksthemes.com/alpha/assets/images/search_images/8.jpg]
[stacksthemes.com/alpha/assets/images/search_images/11.jpg]
[stacksthemes.com/alpha/assets/images/search_images/3.jpg]
[stacksthemes.com/alpha/assets/images/search_images/6.jpg]
[stacksthemes.com/alpha/assets/images/search_images/9.jpg]
[stacksthemes.com/alpha/assets/images/search_images/12.jpg]
[stacksthemes.com/alpha/assets/images/video_placeholder.png]
[stacksthemes.com/alpha/search.html]
[stacksthemes.com/alpha/assets/js/pages/todo.js]
[stacksthemes.com/alpha/todo.html]
[stacksthemes.com/alpha/assets/plugins/google-code-prettify/prettify.js]
[stacksthemes.com/alpha/assets/js/pages/ui-accordions.js]
[stacksthemes.com/alpha/ui-accordions.html]
[stacksthemes.com/alpha/assets/js/pages/ui-badges.js]
[stacksthemes.com/alpha/ui-badges.html]
[stacksthemes.com/alpha/assets/js/pages/waves.js]
[stacksthemes.com/alpha/ui-buttons.html]
[material-design.storage.googleapis.com/publish/v_2/material_ext_publish/0Bx4BSt6jniD7SW9CUzR4MnRpOTg/style_typography_roboto1.png]
[stacksthemes.com/alpha/assets/js/pages/ui-typography.js]
[stacksthemes.com/alpha/ui-typography.html]
[stacksthemes.com/alpha/assets/images/card-image.jpg]
[stacksthemes.com/alpha/assets/images/card-image6.jpg]
[stacksthemes.com/alpha/assets/images/card-image4.jpg]
[stacksthemes.com/alpha/assets/images/card-image5.jpg]
[stacksthemes.com/alpha/ui-cards.html]
[stacksthemes.com/alpha/assets/js/pages/ui-carousel.js]
[stacksthemes.com/alpha/ui-carousel.html]
[stacksthemes.com/alpha/assets/js/pages/ui-chips.js]
[stacksthemes.com/alpha/ui-chips.html]
[stacksthemes.com/alpha/ui-color.html]
[stacksthemes.com/alpha/assets/js/pages/ui-collections.js]
[stacksthemes.com/alpha/ui-collections.html]
[stacksthemes.com/alpha/assets/js/pages/ui-dropdown.js]
[stacksthemes.com/alpha/ui-dropdown.html]
[stacksthemes.com/alpha/assets/js/pages/dialogs.js]
[stacksthemes.com/alpha/ui-dialogs.html]
[stacksthemes.com/alpha/ui-grid.html]
[stacksthemes.com/alpha/ui-helpers.html]
[stacksthemes.com/alpha/assets/js/pages/ui-modals.js]
[stacksthemes.com/alpha/ui-modals.html]
[stacksthemes.com/alpha/assets/js/pages/media.js]
[stacksthemes.com/alpha/ui-media.html]
[stacksthemes.com/alpha/assets/js/pages/icons.js]
[stacksthemes.com/alpha/ui-icons.html]
[stacksthemes.com/alpha/assets/images/mountains1.png]
[stacksthemes.com/alpha/assets/js/pages/ui-parallax.js]
[stacksthemes.com/alpha/ui-parallax.html]
[stacksthemes.com/alpha/assets/js/pages/ui-preloader.js]
[stacksthemes.com/alpha/ui-preloader.html]
[stacksthemes.com/alpha/assets/js/pages/ui-shadow.js]
[stacksthemes.com/alpha/ui-shadow.html]
[stacksthemes.com/alpha/ui-tabs.html]
[stacksthemes.com/alpha/ui-waves.html]
[stacksthemes.com/alpha/layout-blank.html]
[stacksthemes.com/alpha/layout-boxed.html]
[stacksthemes.com/alpha/layout-hidden-sidebar.html]
[stacksthemes.com/alpha/layout-right-sidebar.html]
[stacksthemes.com/alpha/assets/js/pages/form_elements.js]
[stacksthemes.com/alpha/form-elements.html]
[stacksthemes.com/alpha/assets/images/wizard-image.png]
[stacksthemes.com/alpha/assets/plugins/jquery-validation/jquery.validate.min.js]
[stacksthemes.com/alpha/assets/plugins/jquery-steps/jquery.steps.min.js]
[stacksthemes.com/alpha/assets/js/pages/form-wizard.js]
[stacksthemes.com/alpha/form-wizard.html]
[stacksthemes.com/alpha/assets/plugins/dropzone/dropzone.min.js]
[stacksthemes.com/alpha/assets/plugins/dropzone/dropzone-amd-module.min.js]
[stacksthemes.com/alpha/form-upload.html]
[stacksthemes.com/alpha/assets/images/crop.jpg]
[stacksthemes.com/alpha/assets/plugins/image-cropper/cropper.min.js]
[stacksthemes.com/alpha/assets/js/pages/form-image-crop.js]
[stacksthemes.com/alpha/form-image-crop.html]
[stacksthemes.com/alpha/assets/images/zoom/small/image1.jpg]
[stacksthemes.com/alpha/assets/images/zoom/small/image3.jpg]
[stacksthemes.com/alpha/assets/images/zoom/small/image2.jpg]
[stacksthemes.com/alpha/assets/images/zoom/small/image4.jpg]
[stacksthemes.com/alpha/assets/plugins/elevatezoom/jquery.elevatezoom-3.0.8.min.js]
[stacksthemes.com/alpha/assets/js/pages/form-image-zoom.js]
[stacksthemes.com/alpha/form-image-zoom.html]
[stacksthemes.com/alpha/assets/plugins/select2/js/select2.min.js]
[stacksthemes.com/alpha/assets/js/pages/form-select2.js]
[stacksthemes.com/alpha/form-select2.html]
[stacksthemes.com/alpha/table-static.html]
[stacksthemes.com/alpha/table-responsive.html]
[stacksthemes.com/alpha/assets/plugins/datatables/js/jquery.dataTables.min.js]
[stacksthemes.com/alpha/assets/js/pages/table-data.js]
[stacksthemes.com/alpha/table-data.html]
[stacksthemes.com/alpha/assets/plugins/d3/d3.min.js]
[stacksthemes.com/alpha/assets/plugins/nvd3/nv.d3.min.js]
[stacksthemes.com/alpha/assets/plugins/flot/jquery.flot.pie.min.js]
[stacksthemes.com/alpha/assets/js/pages/charts.js]
[stacksthemes.com/alpha/charts.html]
[stacksthemes.com/alpha/assets/js/pages/maps-google.js]
[stacksthemes.com/alpha/maps-google.html]
[stacksthemes.com/alpha/assets/plugins/jquery-jvectormap/jquery-jvectormap-2.0.3.min.js]
[stacksthemes.com/alpha/assets/plugins/jquery-jvectormap/gdp-data.js]
[stacksthemes.com/alpha/assets/plugins/jquery-jvectormap/jquery-jvectormap-world-mill-en.js]
[stacksthemes.com/alpha/assets/js/pages/maps-vector.js]
[stacksthemes.com/alpha/maps-vector.html]
[stacksthemes.com/alpha/404.html]
[stacksthemes.com/alpha/500.html]
[stacksthemes.com/alpha/assets/images/ignature.png]
[stacksthemes.com/alpha/invoice.html]
[stacksthemes.com/alpha/faq.html]
[stacksthemes.com/alpha/sign-in.html]
[stacksthemes.com/alpha/sign-up.html]
[stacksthemes.com/alpha/lock-screen.html]
[stacksthemes.com/alpha/assets/plugins/patternlock-master/patternLock.min.js]
[stacksthemes.com/alpha/assets/js/pages/pattern-lock-screen.js]
[stacksthemes.com/alpha/pattern-lock-screen.html]
[stacksthemes.com/alpha/forgot.html]
[stacksthemes.com/alpha/assets/plugins/pricing-tables/js/modernizr.js]
[stacksthemes.com/alpha/assets/plugins/pricing-tables/js/main.js]
[stacksthemes.com/alpha/pricing-tables.html]
[stacksthemes.com/alpha/assets/js/pages/contact.js]
[stacksthemes.com/alpha/contact.html]
[stacksthemes.com/alpha/assets/plugins/google-grid-gallery/js/modernizr.custom.js]
[stacksthemes.com/alpha/assets/plugins/google-grid-gallery/img/thumb/1.png]
[stacksthemes.com/alpha/assets/plugins/google-grid-gallery/img/thumb/2.png]
[stacksthemes.com/alpha/assets/plugins/google-grid-gallery/img/thumb/3.png]
[stacksthemes.com/alpha/assets/plugins/google-grid-gallery/img/thumb/4.png]
[stacksthemes.com/alpha/assets/plugins/google-grid-gallery/img/thumb/5.png]
[stacksthemes.com/alpha/assets/plugins/google-grid-gallery/img/thumb/6.png]
[stacksthemes.com/alpha/assets/plugins/google-grid-gallery/img/large/1.png]
[stacksthemes.com/alpha/assets/plugins/google-grid-gallery/img/large/2.png]
[stacksthemes.com/alpha/assets/plugins/google-grid-gallery/img/large/3.png]
[stacksthemes.com/alpha/assets/plugins/google-grid-gallery/img/large/4.png]
[stacksthemes.com/alpha/assets/plugins/google-grid-gallery/img/large/5.png]
[stacksthemes.com/alpha/assets/plugins/google-grid-gallery/img/large/6.png]
[stacksthemes.com/alpha/assets/plugins/google-grid-gallery/js/imagesloaded.pkgd.min.js]
[stacksthemes.com/alpha/assets/plugins/google-grid-gallery/js/masonry.pkgd.min.js]
[stacksthemes.com/alpha/assets/plugins/google-grid-gallery/js/classie.js]
[stacksthemes.com/alpha/assets/plugins/google-grid-gallery/js/cbpGridGallery.js]
[stacksthemes.com/alpha/assets/js/pages/gallery.js]
[stacksthemes.com/alpha/gallery.html]
[stacksthemes.com/alpha/assets/plugins/vertical-timeline/js/modernizr.js]
[stacksthemes.com/alpha/assets/plugins/vertical-timeline/js/main.js]
[stacksthemes.com/alpha/timeline.html]
[stacksthemes.com/alpha/assets/plugins/fullcalendar/moment.min.js]
[stacksthemes.com/alpha/assets/plugins/fullcalendar/fullcalendar.min.js]
[stacksthemes.com/alpha/assets/js/pages/calendar.js]
[stacksthemes.com/alpha/calendar.html]
[stacksthemes.com/alpha/assets/plugins/jquery.countdown/jquery.countdown.min.js]
[stacksthemes.com/alpha/assets/js/pages/coming-soon.js]
[stacksthemes.com/alpha/coming-soon.html]
[stacksthemes.com/alpha/assets/plugins/weather-icons-master/font/weathericons-regular-webfont.svg]
[stacksthemes.com/alpha/assets/plugins/material-preloader/css/materialPreloader.min.css]
[stacksthemes.com/alpha/assets/plugins/simditor/styles/simditor.css]
[stacksthemes.com/alpha/assets/plugins/google-code-prettify/prettify.css]
[stacksthemes.com/alpha/assets/plugins/dropzone/dropzone.min.css]
[stacksthemes.com/alpha/assets/plugins/dropzone/basic.min.css]
[stacksthemes.com/alpha/assets/plugins/image-cropper/cropper.min.css]
[stacksthemes.com/alpha/assets/plugins/select2/css/select2.css]
[stacksthemes.com/alpha/assets/plugins/datatables/images/sort_both.png]
[stacksthemes.com/alpha/assets/plugins/datatables/images/sort_asc.png]
[stacksthemes.com/alpha/assets/plugins/datatables/images/sort_desc.png]
[stacksthemes.com/alpha/assets/plugins/datatables/images/sort_asc_disabled.png]
[stacksthemes.com/alpha/assets/plugins/datatables/images/sort_desc_disabled.png]
[stacksthemes.com/alpha/assets/plugins/datatables/css/jquery.dataTables.min.css]
[stacksthemes.com/alpha/assets/plugins/nvd3/nv.d3.min.css]
[stacksthemes.com/alpha/assets/plugins/jquery-jvectormap/jquery-jvectormap-2.0.3.css]
[stacksthemes.com/alpha/assets/plugins/patternlock-master/patternLock.css]
[stacksthemes.com/alpha/assets/plugins/pricing-tables/css/style.css]
[stacksthemes.com/alpha/assets/plugins/google-grid-gallery/fonts/fontawesome/fontawesome6d27.eot]
[stacksthemes.com/alpha/assets/plugins/google-grid-gallery/fonts/fontawesome/fontawesomed41d.eot]
[stacksthemes.com/alpha/assets/plugins/google-grid-gallery/fonts/fontawesome/fontawesome6d27.woff]
[stacksthemes.com/alpha/assets/plugins/google-grid-gallery/fonts/fontawesome/fontawesome6d27.ttf]
[stacksthemes.com/alpha/assets/plugins/google-grid-gallery/css/component.css]
[stacksthemes.com/alpha/assets/plugins/vertical-timeline/css/style.css]
[stacksthemes.com/alpha/assets/plugins/vertical-timeline/img/cd-icon-picture.svg]
[stacksthemes.com/alpha/assets/plugins/vertical-timeline/img/cd-icon-movie.svg]
[stacksthemes.com/alpha/assets/plugins/vertical-timeline/img/cd-icon-location.svg]
[stacksthemes.com/alpha/assets/plugins/fullcalendar/fullcalendar.min.css]
[stacksthemes.com/alpha/assets/plugins/pricing-tables/img/cd-icon-small-arrow.svg]
[stacksthemes.com/alpha/assets/plugins/google-grid-gallery/fonts/fontawesome/fontawesome6d27.svg]
